------------------------------------------------------------------------------------
Copy file at :,<built-in function ctime>
------------------------------------------------------------------------------------
A.txt
B.txt
New DOCX Document.docx
New PPTX Presentation.txt
New XLSX Worksheet.xlsx
------------------------------------------------------------------------------------
------------------------------------------------------------------------------------
Copy file at :,Tue Jun 17 20:17:03 2025
------------------------------------------------------------------------------------
A.txt
B.txt
New DOCX Document.docx
New PPTX Presentation.txt
New XLSX Worksheet.xlsx
------------------------------------------------------------------------------------
------------------------------------------------------------------------------------
Copy file at :,Tue Jun 17 20:18:08 2025
------------------------------------------------------------------------------------
A.txt
B.txt
New DOCX Document.docx
New PPTX Presentation.txt
New XLSX Worksheet.xlsx
------------------------------------------------------------------------------------
------------------------------------------------------------------------------------
Copy file at : Tue Jun 17 20:29:47 2025
------------------------------------------------------------------------------------
A.txt
B.txt
New DOCX Document.docx
New PPTX Presentation.txt
New XLSX Worksheet.xlsx
------------------------------------------------------------------------------------
------------------------------------------------------------------------------------
Copy file at : Tue Jun 17 20:49:17 2025
------------------------------------------------------------------------------------
A.txt
B.txt
New DOCX Document.docx
New PPTX Presentation.txt
New XLSX Worksheet.xlsx
------------------------------------------------------------------------------------
